2020-12-22 10:53:01,652 [ERROR] [detect_language.py - <module>():20] test
2020-12-22 10:56:56,959 [ERROR] [detect_language.py - <module>():20] test
2020-12-22 12:47:35,179 [ERROR] [classify_ssc_mailtofolder.py - <module>():123] Parsing json_ref_list failedExpecting value: line 1 column 1 (char 0)
2020-12-22 12:47:53,614 [ERROR] [classify_ssc_mailtofolder.py - <module>():123] Parsing json_ref_list failedExpecting value: line 1 column 1 (char 0)
2020-12-22 12:51:09,218 [ERROR] [classify_ssc_mailtofolder.py - <module>():123] Parsing json_ref_list failedExpecting property name enclosed in double quotes: line 1 column 3 (char 2)
2020-12-22 12:59:30,796 [ERROR] [classify_ssc_mailtofolder.py - <module>():123] Parsing json_ref_list failedMissing optional dependency 'xlrd'. Install xlrd >= 1.0.0 for Excel support Use pip or conda to install xlrd.
2020-12-22 13:01:34,645 [ERROR] [classify_ssc_mailtofolder.py - <module>():123] Parsing json_ref_list failedExcel xlsx file; not supported
2020-12-22 13:02:17,408 [ERROR] [classify_ssc_mailtofolder.py - <module>():123] Parsing json_ref_list failedExcel xlsx file; not supported
2020-12-22 13:02:49,555 [ERROR] [classify_ssc_mailtofolder.py - <module>():123] Parsing json_ref_list failedMissing optional dependency 'xlrd'. Install xlrd >= 1.0.0 for Excel support Use pip or conda to install xlrd.
2020-12-22 14:05:35,294 [ERROR] [clean_string.py - <module>():22] 'charmap' codec can't encode character '\u251c' in position 502: character maps to <undefined>
2020-12-22 14:06:12,415 [ERROR] [clean_string.py - <module>():22] 'charmap' codec can't encode character '\u251c' in position 502: character maps to <undefined>
2020-12-22 14:14:22,091 [ERROR] [clean_string.py - <module>():22] 'charmap' codec can't encode character '\u251c' in position 502: character maps to <undefined>
2020-12-22 14:15:49,546 [ERROR] [clean_string.py - <module>():22] 'charmap' codec can't encode character '\u251c' in position 502: character maps to <undefined>
2020-12-22 14:17:16,988 [ERROR] [clean_string.py - <module>():22] 'charmap' codec can't encode character '\u251c' in position 502: character maps to <undefined>
2020-12-22 14:19:58,883 [ERROR] [clean_string.py - <module>():22] 'charmap' codec can't encode character '\u251c' in position 502: character maps to <undefined>
2020-12-22 14:23:08,435 [ERROR] [clean_string.py - <module>():22] 'charmap' codec can't encode character '\u251c' in position 502: character maps to <undefined>
2020-12-22 14:24:07,067 [ERROR] [clean_string.py - <module>():22] 'charmap' codec can't encode character '\u251c' in position 502: character maps to <undefined>
2020-12-22 14:24:18,429 [ERROR] [clean_string.py - <module>():22] 'charmap' codec can't encode character '\u251c' in position 502: character maps to <undefined>
2020-12-22 14:25:58,431 [ERROR] [clean_string.py - <module>():22] 'charmap' codec can't encode character '\u251c' in position 502: character maps to <undefined>
2020-12-22 14:29:59,986 [ERROR] [clean_string.py - <module>():22] 'charmap' codec can't encode character '\u251c' in position 502: character maps to <undefined>
2020-12-22 14:30:09,179 [ERROR] [clean_string.py - <module>():22] 'charmap' codec can't encode character '\u251c' in position 502: character maps to <undefined>
2020-12-22 14:30:35,847 [ERROR] [clean_string.py - <module>():22] 'charmap' codec can't encode character '\u251c' in position 502: character maps to <undefined>
2020-12-22 14:32:36,455 [ERROR] [clean_string.py - <module>():22] 'charmap' codec can't encode character '\u251c' in position 502: character maps to <undefined>
2020-12-22 14:33:24,601 [ERROR] [clean_string.py - <module>():22] 'charmap' codec can't encode character '\u251c' in position 502: character maps to <undefined>
2020-12-22 14:35:02,993 [ERROR] [clean_string.py - <module>():23] 'charmap' codec can't encode character '\u251c' in position 556: character maps to <undefined>
2020-12-22 14:36:10,154 [ERROR] [clean_string.py - <module>():23] 'charmap' codec can't encode character '\u251c' in position 556: character maps to <undefined>
2020-12-22 14:36:30,288 [ERROR] [clean_string.py - <module>():23] 'charmap' codec can't encode character '\u251c' in position 556: character maps to <undefined>
2020-12-22 14:36:42,863 [ERROR] [clean_string.py - <module>():23] 'charmap' codec can't encode character '\u251c' in position 556: character maps to <undefined>
2020-12-22 14:37:18,326 [ERROR] [clean_string.py - <module>():23] 'in <string>' requires string as left operand, not int
2020-12-22 14:37:32,891 [ERROR] [clean_string.py - <module>():23] 'in <string>' requires string as left operand, not int
2020-12-22 14:38:13,112 [ERROR] [clean_string.py - <module>():24] 'in <string>' requires string as left operand, not int
