2020-12-22 10:53:01,652 [ERROR] [detect_language.py - <module>():20] test
2020-12-22 10:53:01,654 [INFO] [detect_language.py - <module>():29] [{'iso2': 'en', 'language_prob': 0.9999934294452958}]
2020-12-22 10:56:56,959 [ERROR] [detect_language.py - <module>():20] test
2020-12-22 10:56:56,960 [INFO] [detect_language.py - <module>():29] [{'iso2': 'en', 'language_prob': 0.9999934294452958}]
2020-12-22 10:58:17,633 [INFO] [detect_language.py - <module>():28] [{'iso2': 'en', 'language_prob': 0.9999934294452958}]
2020-12-22 11:07:53,169 [INFO] [detect_language.py - <module>():28] [{'iso2': 'en', 'language_prob': 0.9999934294452958}]
2020-12-22 11:08:14,907 [INFO] [detect_language.py - <module>():28] [{'iso2': 'en', 'language_prob': 0.9999934294452958}]
2020-12-22 11:08:36,101 [INFO] [detect_language.py - <module>():28] [{'iso2': 'en', 'language_prob': 0.9999934294452958}]
2020-12-22 11:09:24,783 [INFO] [detect_language.py - <module>():28] [{'iso2': 'en', 'language_prob': 0.9999934294452958}]
2020-12-22 11:12:53,652 [INFO] [detect_language.py - <module>():28] [{'iso2': 'en', 'language_prob': 0.9999934294452958}]
2020-12-22 11:14:43,100 [INFO] [detect_language.py - <module>():28] [{'iso2': 'de', 'language_prob': 0.999996174781547}]
2020-12-22 11:23:53,256 [INFO] [detect_language.py - <module>():28] [{'iso2': 'de', 'language_prob': 0.999996174781547}]
2020-12-22 11:28:18,208 [INFO] [detect_language.py - <module>():28] [{'iso2': 'de', 'language_prob': 0.999996174781547}]
2020-12-22 11:28:32,101 [INFO] [detect_language.py - <module>():28] [{'iso2': 'de', 'language_prob': 0.999996174781547}]
2020-12-22 11:31:12,977 [INFO] [detect_language.py - <module>():28] [{'iso2': 'de', 'language_prob': 0.999996174781547}]
2020-12-22 11:32:22,896 [INFO] [detect_language.py - <module>():28] [{'iso2': 'de', 'language_prob': 0.999996174781547}]
2020-12-22 11:32:46,583 [INFO] [detect_language.py - <module>():28] [{'iso2': 'de', 'language_prob': 0.999996174781547}]
2020-12-22 11:44:33,713 [INFO] [detect_language.py - <module>():28] [{'iso2': 'pl', 'language_prob': 0.999996060312117}]
2020-12-22 11:49:08,713 [INFO] [detect_language.py - <module>():28] [{'iso2': 'pl', 'language_prob': 0.999996060312117}]
2020-12-22 11:49:23,448 [INFO] [detect_language.py - <module>():28] [{'iso2': 'pl', 'language_prob': 0.999996060312117}]
2020-12-22 11:50:38,974 [INFO] [detect_language.py - <module>():28] [{'iso2': 'pl', 'language_prob': 0.999996060312117}]
2020-12-22 11:51:57,657 [INFO] [detect_language.py - <module>():28] [{'iso2': 'pl', 'language_prob': 0.999996060312117}]
2020-12-22 11:52:24,123 [INFO] [detect_language.py - <module>():28] [{'iso2': 'pl', 'language_prob': 0.999996060312117}]
2020-12-22 11:52:40,490 [INFO] [detect_language.py - <module>():28] [{'iso2': 'pl', 'language_prob': 0.999996060312117}]
2020-12-22 11:53:18,625 [INFO] [detect_language.py - <module>():28] [{'iso2': 'pl', 'language_prob': 0.999996060312117}]
2020-12-22 11:53:57,975 [INFO] [detect_language.py - <module>():28] [{'iso2': 'pl', 'language_prob': 0.999996060312117}]
2020-12-22 11:54:54,200 [INFO] [detect_language.py - <module>():28] [{'iso2': 'pl', 'language_prob': 0.999996060312117}]
2020-12-22 11:55:30,854 [INFO] [detect_language.py - <module>():28] [{'iso2': 'pl', 'language_prob': 0.999996060312117}]
2020-12-22 11:55:47,701 [INFO] [detect_language.py - <module>():28] [{'iso2': 'pl', 'language_prob': 0.999996060312117}]
2020-12-22 11:56:28,413 [INFO] [detect_language.py - <module>():28] [{'iso2': 'pl', 'language_prob': 0.999996060312117}]
2020-12-22 11:58:33,333 [INFO] [detect_language.py - <module>():28] [{'iso2': 'pl', 'language_prob': 0.999997350711218}]
2020-12-22 12:17:53,787 [INFO] [detect_language.py - <module>():28] [{'iso2': 'en', 'language_prob': 0.7142591509145625}, {'iso2': 'nl', 'language_prob': 0.14287207806040328}, {'iso2': 'fr', 'language_prob': 0.1428684174808707}]
2020-12-22 12:20:03,752 [INFO] [detect_language.py - <module>():28] [{'iso2': 'en', 'language_prob': 0.7142591509145625}, {'iso2': 'nl', 'language_prob': 0.14287207806040328}, {'iso2': 'fr', 'language_prob': 0.1428684174808707}]
2020-12-22 12:21:04,464 [INFO] [detect_language.py - <module>():28] [{'iso2': 'en', 'language_prob': 0.7142591509145625}, {'iso2': 'nl', 'language_prob': 0.14287207806040328}, {'iso2': 'fr', 'language_prob': 0.1428684174808707}]
2020-12-22 12:47:35,179 [ERROR] [classify_ssc_mailtofolder.py - <module>():123] Parsing json_ref_list failedExpecting value: line 1 column 1 (char 0)
2020-12-22 12:47:53,614 [ERROR] [classify_ssc_mailtofolder.py - <module>():123] Parsing json_ref_list failedExpecting value: line 1 column 1 (char 0)
2020-12-22 12:51:09,218 [ERROR] [classify_ssc_mailtofolder.py - <module>():123] Parsing json_ref_list failedExpecting property name enclosed in double quotes: line 1 column 3 (char 2)
2020-12-22 12:59:30,796 [ERROR] [classify_ssc_mailtofolder.py - <module>():123] Parsing json_ref_list failedMissing optional dependency 'xlrd'. Install xlrd >= 1.0.0 for Excel support Use pip or conda to install xlrd.
2020-12-22 13:01:34,645 [ERROR] [classify_ssc_mailtofolder.py - <module>():123] Parsing json_ref_list failedExcel xlsx file; not supported
2020-12-22 13:02:17,408 [ERROR] [classify_ssc_mailtofolder.py - <module>():123] Parsing json_ref_list failedExcel xlsx file; not supported
2020-12-22 13:02:49,555 [ERROR] [classify_ssc_mailtofolder.py - <module>():123] Parsing json_ref_list failedMissing optional dependency 'xlrd'. Install xlrd >= 1.0.0 for Excel support Use pip or conda to install xlrd.
2020-12-22 13:04:20,260 [INFO] [classify_ssc_mailtofolder.py - <module>():125] Input_string: de
2020-12-22 13:04:20,261 [INFO] [classify_ssc_mailtofolder.py - <module>():126] Input_string_language: asd
2020-12-22 13:04:57,999 [INFO] [classify_ssc_mailtofolder.py - <module>():125] Input_string: de
2020-12-22 13:04:57,999 [INFO] [classify_ssc_mailtofolder.py - <module>():126] Input_string_language: asd
2020-12-22 13:05:29,216 [INFO] [classify_ssc_mailtofolder.py - <module>():125] Input_string: de
2020-12-22 13:05:29,216 [INFO] [classify_ssc_mailtofolder.py - <module>():126] Input_string_language: asd
2020-12-22 13:05:47,405 [INFO] [classify_ssc_mailtofolder.py - <module>():125] Input_string: de
2020-12-22 13:05:47,405 [INFO] [classify_ssc_mailtofolder.py - <module>():126] Input_string_language: asd
2020-12-22 13:55:41,435 [INFO] [detect_language.py - <module>():28] [{'iso2': 'pt', 'language_prob': 0.8571403766422425}, {'iso2': 'ca', 'language_prob': 0.1428595701032715}]
2020-12-22 13:55:56,544 [INFO] [detect_language.py - <module>():28] [{'iso2': 'pt', 'language_prob': 0.8571403766422425}, {'iso2': 'ca', 'language_prob': 0.1428595701032715}]
2020-12-22 13:59:22,031 [INFO] [detect_language.py - <module>():28] [{'iso2': 'fr', 'language_prob': 0.8571391313959893}, {'iso2': 'et', 'language_prob': 0.14285610730782536}]
2020-12-22 14:05:35,294 [ERROR] [clean_string.py - <module>():22] 'charmap' codec can't encode character '\u251c' in position 502: character maps to <undefined>
2020-12-22 14:06:12,415 [ERROR] [clean_string.py - <module>():22] 'charmap' codec can't encode character '\u251c' in position 502: character maps to <undefined>
2020-12-22 14:14:22,091 [ERROR] [clean_string.py - <module>():22] 'charmap' codec can't encode character '\u251c' in position 502: character maps to <undefined>
2020-12-22 14:15:49,546 [ERROR] [clean_string.py - <module>():22] 'charmap' codec can't encode character '\u251c' in position 502: character maps to <undefined>
2020-12-22 14:17:16,988 [ERROR] [clean_string.py - <module>():22] 'charmap' codec can't encode character '\u251c' in position 502: character maps to <undefined>
2020-12-22 14:19:58,883 [ERROR] [clean_string.py - <module>():22] 'charmap' codec can't encode character '\u251c' in position 502: character maps to <undefined>
2020-12-22 14:23:08,435 [ERROR] [clean_string.py - <module>():22] 'charmap' codec can't encode character '\u251c' in position 502: character maps to <undefined>
2020-12-22 14:24:07,067 [ERROR] [clean_string.py - <module>():22] 'charmap' codec can't encode character '\u251c' in position 502: character maps to <undefined>
2020-12-22 14:24:18,429 [ERROR] [clean_string.py - <module>():22] 'charmap' codec can't encode character '\u251c' in position 502: character maps to <undefined>
2020-12-22 14:25:58,431 [ERROR] [clean_string.py - <module>():22] 'charmap' codec can't encode character '\u251c' in position 502: character maps to <undefined>
2020-12-22 14:29:59,986 [ERROR] [clean_string.py - <module>():22] 'charmap' codec can't encode character '\u251c' in position 502: character maps to <undefined>
2020-12-22 14:30:09,179 [ERROR] [clean_string.py - <module>():22] 'charmap' codec can't encode character '\u251c' in position 502: character maps to <undefined>
2020-12-22 14:30:35,847 [ERROR] [clean_string.py - <module>():22] 'charmap' codec can't encode character '\u251c' in position 502: character maps to <undefined>
2020-12-22 14:32:36,455 [ERROR] [clean_string.py - <module>():22] 'charmap' codec can't encode character '\u251c' in position 502: character maps to <undefined>
2020-12-22 14:33:24,601 [ERROR] [clean_string.py - <module>():22] 'charmap' codec can't encode character '\u251c' in position 502: character maps to <undefined>
2020-12-22 14:35:02,993 [ERROR] [clean_string.py - <module>():23] 'charmap' codec can't encode character '\u251c' in position 556: character maps to <undefined>
2020-12-22 14:36:10,154 [ERROR] [clean_string.py - <module>():23] 'charmap' codec can't encode character '\u251c' in position 556: character maps to <undefined>
2020-12-22 14:36:30,288 [ERROR] [clean_string.py - <module>():23] 'charmap' codec can't encode character '\u251c' in position 556: character maps to <undefined>
2020-12-22 14:36:42,863 [ERROR] [clean_string.py - <module>():23] 'charmap' codec can't encode character '\u251c' in position 556: character maps to <undefined>
2020-12-22 14:37:18,326 [ERROR] [clean_string.py - <module>():23] 'in <string>' requires string as left operand, not int
2020-12-22 14:37:32,891 [ERROR] [clean_string.py - <module>():23] 'in <string>' requires string as left operand, not int
2020-12-22 14:38:13,112 [ERROR] [clean_string.py - <module>():24] 'in <string>' requires string as left operand, not int
2020-12-22 14:40:51,394 [INFO] [detect_language.py - <module>():28] [{'iso2': 'en', 'language_prob': 0.5714379975590458}, {'iso2': 'nl', 'language_prob': 0.4285510045334882}]
2020-12-22 14:42:45,551 [INFO] [detect_language.py - <module>():28] [{'iso2': 'pl', 'language_prob': 0.999997350711218}]
2020-12-22 14:54:55,572 [INFO] [detect_language.py - <module>():28] [{'iso2': 'pl', 'language_prob': 0.999997350711218}]
2020-12-22 14:59:41,190 [INFO] [detect_language.py - <module>():28] [{'iso2': 'en', 'language_prob': 0.5714379975590458}, {'iso2': 'nl', 'language_prob': 0.4285510045334882}]
2020-12-22 15:01:53,700 [INFO] [detect_language.py - <module>():28] [{'iso2': 'en', 'language_prob': 0.5714379975590458}, {'iso2': 'nl', 'language_prob': 0.4285510045334882}]
2020-12-22 15:09:53,630 [INFO] [detect_language.py - <module>():28] [{'iso2': 'fr', 'language_prob': 0.8571391313959893}, {'iso2': 'et', 'language_prob': 0.14285610730782536}]
2020-12-22 15:18:24,477 [INFO] [detect_language.py - <module>():28] [{'iso2': 'en', 'language_prob': 0.5714379975590458}, {'iso2': 'nl', 'language_prob': 0.4285510045334882}]
